<?xml version="1.0" encoding="UTF-8"?>
<!-- Generated by org.testng.reporters.JUnitXMLReporter -->
<testsuite ignored="9" hostname="Rajesh" failures="0" tests="1" name="Default test" time="10.344" errors="0" timestamp="2024-10-03T11:18:39 IST">
  <testcase classname="Testcases.SignUp" name="completeOnboardingFlow1" time="8.516"/>
  <testcase classname="Testcases.SignUp" name="testEnterOTPContinueMultipleTimes" time="0.0">
    <ignored/>
  </testcase> <!-- testEnterOTPContinueMultipleTimes -->
  <testcase classname="Testcases.SignUp" name="verifyMobileOTP" time="0.0">
    <ignored/>
  </testcase> <!-- verifyMobileOTP -->
  <testcase classname="Testcases.SignUp" name="testMobileNumberInputClear" time="0.0">
    <ignored/>
  </testcase> <!-- testMobileNumberInputClear -->
  <testcase classname="Testcases.SignUp" name="resendOTPTest" time="0.0">
    <ignored/>
  </testcase> <!-- resendOTPTest -->
  <testcase classname="Testcases.SignUp" name="verifyMobileContinueButtonHighlight" time="0.0">
    <ignored/>
  </testcase> <!-- verifyMobileContinueButtonHighlight -->
  <testcase classname="Testcases.SignUp" name="completeOnboardingFlow" time="0.0">
    <ignored/>
  </testcase> <!-- completeOnboardingFlow -->
  <testcase classname="Testcases.SignUp" name="invalidOTPTest" time="0.0">
    <ignored/>
  </testcase> <!-- invalidOTPTest -->
  <testcase classname="Testcases.SignUp" name="testOTPRefresh" time="0.0">
    <ignored/>
  </testcase> <!-- testOTPRefresh -->
  <testcase classname="Testcases.SignUp" name="verify_Mobile01_OTP" time="0.0">
    <ignored/>
  </testcase> <!-- verify_Mobile01_OTP -->
</testsuite> <!-- Default test -->
